<?xml version="1.0" encoding="UTF-8"?>
<testsuite xmlns:xsi="http://www.w3.org/2001/XMLSchema-instance" xsi:noNamespaceSchemaLocation="https://maven.apache.org/surefire/maven-surefire-plugin/xsd/surefire-test-report-3.0.xsd" version="3.0" name="com.logparser.AppTest" time="0.381" tests="14" errors="0" skipped="0" failures="0">
  <properties>
[...]
</properties>
  <testcase name="testWriteAggregatedRequestLogsWithEmptyList" classname="com.logparser.AppTest" time="0.015">
    <system-out><![CDATA[No Request logs to write.
]]></system-out>
  </testcase>
  <testcase name="testWriteToJsonWithIOException" classname="com.logparser.AppTest" time="0.299"/>
  <testcase name="testWriteAggregatedAPMLogsWithEmptyList" classname="com.logparser.AppTest" time="0.001">
    <system-out><![CDATA[No APM logs to write.
]]></system-out>
  </testcase>
  <testcase name="testFormatNumber" classname="com.logparser.AppTest" time="0.001"/>
  <testcase name="testMainWithMissingFile" classname="com.logparser.AppTest" time="0.001"/>
  <testcase name="testCalculatePercentileWithValidInput" classname="com.logparser.AppTest" time="0.001"/>
  <testcase name="testWriteAggregatedApplicationLogsWithEmptyList" classname="com.logparser.AppTest" time="0.001">
    <system-out><![CDATA[No Application logs to write.
]]></system-out>
  </testcase>
  <testcase name="testMainWithValidInput" classname="com.logparser.AppTest" time="0.047">
    <system-out><![CDATA[Logs written to apm.json
Logs written to application.json
Logs written to request.json
Summary Report:
Total skipped log lines: 1
Total file write errors: 1
]]></system-out>
  </testcase>
  <testcase name="testCalculatePercentileWithEmptyList" classname="com.logparser.AppTest" time="0"/>
  <testcase name="testMainWithInvalidArguments" classname="com.logparser.AppTest" time="0.001"/>
  <testcase name="testFormatToOneDecimal" classname="com.logparser.AppTest" time="0.001"/>
  <testcase name="testMainWithEmptyFile" classname="com.logparser.AppTest" time="0.002"/>
  <testcase name="testMainWithOnlyInvalidLines" classname="com.logparser.AppTest" time="0.002"/>
  <testcase name="testCreateEmptyFile" classname="com.logparser.AppTest" time="0.001"/>
</testsuite>